{"/Users/sergejperepelkin/Repos/hackyourfuture/Node.js-class38/week1/hackyourtemperature/AppErrors.js": {"path":"/Users/sergejperepelkin/Repos/hackyourfuture/Node.js-class38/week1/hackyourtemperature/AppErrors.js","statementMap":{"0":{"start":{"line":3,"column":4},"end":{"line":3,"column":31}},"1":{"start":{"line":4,"column":4},"end":{"line":4,"column":27}},"2":{"start":{"line":5,"column":4},"end":{"line":5,"column":27}},"3":{"start":{"line":6,"column":4},"end":{"line":6,"column":33}},"4":{"start":{"line":12,"column":4},"end":{"line":12,"column":19}},"5":{"start":{"line":13,"column":4},"end":{"line":13,"column":32}},"6":{"start":{"line":14,"column":4},"end":{"line":14,"column":27}},"7":{"start":{"line":15,"column":4},"end":{"line":15,"column":26}},"8":{"start":{"line":21,"column":4},"end":{"line":21,"column":12}},"9":{"start":{"line":22,"column":4},"end":{"line":22,"column":35}},"10":{"start":{"line":23,"column":4},"end":{"line":23,"column":53}},"11":{"start":{"line":24,"column":4},"end":{"line":24,"column":26}}},"fnMap":{"0":{"name":"(anonymous_0)","decl":{"start":{"line":2,"column":2},"end":{"line":2,"column":3}},"loc":{"start":{"line":2,"column":67},"end":{"line":7,"column":3}},"line":2},"1":{"name":"(anonymous_1)","decl":{"start":{"line":11,"column":2},"end":{"line":11,"column":3}},"loc":{"start":{"line":11,"column":23},"end":{"line":16,"column":3}},"line":11},"2":{"name":"(anonymous_2)","decl":{"start":{"line":20,"column":2},"end":{"line":20,"column":3}},"loc":{"start":{"line":20,"column":23},"end":{"line":25,"column":3}},"line":20}},"branchMap":{"0":{"loc":{"start":{"line":2,"column":14},"end":{"line":2,"column":47}},"type":"default-arg","locations":[{"start":{"line":2,"column":24},"end":{"line":2,"column":47}}],"line":2},"1":{"loc":{"start":{"line":2,"column":49},"end":{"line":2,"column":65}},"type":"default-arg","locations":[{"start":{"line":2,"column":62},"end":{"line":2,"column":65}}],"line":2}},"s":{"0":8,"1":8,"2":8,"3":8,"4":2,"5":2,"6":2,"7":2,"8":4,"9":4,"10":4,"11":4},"f":{"0":8,"1":2,"2":4},"b":{"0":[4],"1":[6]},"_coverageSchema":"1a1c01bbd47fc00a2c39e90264f33305004495a9","hash":"da9d15296b8f852471674442a6ec40a49f403932"}
,"/Users/sergejperepelkin/Repos/hackyourfuture/Node.js-class38/week1/hackyourtemperature/app.js": {"path":"/Users/sergejperepelkin/Repos/hackyourfuture/Node.js-class38/week1/hackyourtemperature/app.js","statementMap":{"0":{"start":{"line":2,"column":12},"end":{"line":2,"column":21}},"1":{"start":{"line":8,"column":0},"end":{"line":8,"column":24}},"2":{"start":{"line":10,"column":20},"end":{"line":13,"column":1}},"3":{"start":{"line":11,"column":2},"end":{"line":11,"column":67}},"4":{"start":{"line":12,"column":2},"end":{"line":12,"column":9}},"5":{"start":{"line":15,"column":0},"end":{"line":15,"column":21}},"6":{"start":{"line":17,"column":0},"end":{"line":19,"column":3}},"7":{"start":{"line":18,"column":2},"end":{"line":18,"column":46}},"8":{"start":{"line":21,"column":0},"end":{"line":36,"column":3}},"9":{"start":{"line":22,"column":2},"end":{"line":35,"column":3}},"10":{"start":{"line":23,"column":25},"end":{"line":23,"column":33}},"11":{"start":{"line":24,"column":4},"end":{"line":24,"column":58}},"12":{"start":{"line":24,"column":19},"end":{"line":24,"column":58}},"13":{"start":{"line":26,"column":16},"end":{"line":26,"column":109}},"14":{"start":{"line":27,"column":21},"end":{"line":27,"column":37}},"15":{"start":{"line":29,"column":4},"end":{"line":29,"column":76}},"16":{"start":{"line":29,"column":33},"end":{"line":29,"column":76}},"17":{"start":{"line":30,"column":20},"end":{"line":30,"column":41}},"18":{"start":{"line":31,"column":17},"end":{"line":31,"column":34}},"19":{"start":{"line":32,"column":4},"end":{"line":32,"column":33}},"20":{"start":{"line":34,"column":4},"end":{"line":34,"column":16}},"21":{"start":{"line":38,"column":0},"end":{"line":40,"column":3}},"22":{"start":{"line":39,"column":2},"end":{"line":39,"column":69}},"23":{"start":{"line":42,"column":0},"end":{"line":42,"column":22}}},"fnMap":{"0":{"name":"(anonymous_0)","decl":{"start":{"line":10,"column":20},"end":{"line":10,"column":21}},"loc":{"start":{"line":10,"column":40},"end":{"line":13,"column":1}},"line":10},"1":{"name":"(anonymous_1)","decl":{"start":{"line":17,"column":13},"end":{"line":17,"column":14}},"loc":{"start":{"line":17,"column":27},"end":{"line":19,"column":1}},"line":17},"2":{"name":"(anonymous_2)","decl":{"start":{"line":21,"column":21},"end":{"line":21,"column":22}},"loc":{"start":{"line":21,"column":47},"end":{"line":36,"column":1}},"line":21},"3":{"name":"(anonymous_3)","decl":{"start":{"line":38,"column":13},"end":{"line":38,"column":14}},"loc":{"start":{"line":38,"column":27},"end":{"line":40,"column":1}},"line":38}},"branchMap":{"0":{"loc":{"start":{"line":24,"column":4},"end":{"line":24,"column":58}},"type":"if","locations":[{"start":{"line":24,"column":4},"end":{"line":24,"column":58}},{"start":{},"end":{}}],"line":24},"1":{"loc":{"start":{"line":29,"column":4},"end":{"line":29,"column":76}},"type":"if","locations":[{"start":{"line":29,"column":4},"end":{"line":29,"column":76}},{"start":{},"end":{}}],"line":29}},"s":{"0":1,"1":1,"2":1,"3":11,"4":11,"5":1,"6":1,"7":0,"8":1,"9":9,"10":9,"11":9,"12":4,"13":5,"14":5,"15":5,"16":2,"17":3,"18":3,"19":3,"20":6,"21":1,"22":2,"23":1},"f":{"0":11,"1":0,"2":9,"3":2},"b":{"0":[4,5],"1":[2,3]},"_coverageSchema":"1a1c01bbd47fc00a2c39e90264f33305004495a9","hash":"237d38119bf25d348c6e71b7a6224ceecd12aea5"}
,"/Users/sergejperepelkin/Repos/hackyourfuture/Node.js-class38/week1/hackyourtemperature/handleErrors.js": {"path":"/Users/sergejperepelkin/Repos/hackyourfuture/Node.js-class38/week1/hackyourtemperature/handleErrors.js","statementMap":{"0":{"start":{"line":3,"column":17},"end":{"line":3,"column":36}},"1":{"start":{"line":4,"column":17},"end":{"line":4,"column":70}},"2":{"start":{"line":4,"column":30},"end":{"line":4,"column":70}},"3":{"start":{"line":6,"column":21},"end":{"line":24,"column":1}},"4":{"start":{"line":7,"column":2},"end":{"line":10,"column":3}},"5":{"start":{"line":8,"column":4},"end":{"line":8,"column":26}},"6":{"start":{"line":9,"column":4},"end":{"line":9,"column":73}},"7":{"start":{"line":11,"column":2},"end":{"line":16,"column":3}},"8":{"start":{"line":13,"column":4},"end":{"line":13,"column":26}},"9":{"start":{"line":15,"column":4},"end":{"line":15,"column":67}},"10":{"start":{"line":17,"column":2},"end":{"line":22,"column":3}},"11":{"start":{"line":19,"column":4},"end":{"line":19,"column":18}},"12":{"start":{"line":21,"column":4},"end":{"line":21,"column":67}},"13":{"start":{"line":23,"column":2},"end":{"line":23,"column":9}}},"fnMap":{"0":{"name":"(anonymous_0)","decl":{"start":{"line":4,"column":17},"end":{"line":4,"column":18}},"loc":{"start":{"line":4,"column":30},"end":{"line":4,"column":70}},"line":4},"1":{"name":"(anonymous_1)","decl":{"start":{"line":6,"column":21},"end":{"line":6,"column":22}},"loc":{"start":{"line":6,"column":46},"end":{"line":24,"column":1}},"line":6}},"branchMap":{"0":{"loc":{"start":{"line":7,"column":2},"end":{"line":10,"column":3}},"type":"if","locations":[{"start":{"line":7,"column":2},"end":{"line":10,"column":3}},{"start":{},"end":{}}],"line":7},"1":{"loc":{"start":{"line":11,"column":2},"end":{"line":16,"column":3}},"type":"if","locations":[{"start":{"line":11,"column":2},"end":{"line":16,"column":3}},{"start":{},"end":{}}],"line":11},"2":{"loc":{"start":{"line":11,"column":6},"end":{"line":11,"column":63}},"type":"binary-expr","locations":[{"start":{"line":11,"column":6},"end":{"line":11,"column":28}},{"start":{"line":11,"column":32},"end":{"line":11,"column":63}}],"line":11},"3":{"loc":{"start":{"line":17,"column":2},"end":{"line":22,"column":3}},"type":"if","locations":[{"start":{"line":17,"column":2},"end":{"line":22,"column":3}},{"start":{},"end":{}}],"line":17}},"s":{"0":1,"1":1,"2":8,"3":1,"4":8,"5":2,"6":2,"7":6,"8":6,"9":6,"10":0,"11":0,"12":0,"13":0},"f":{"0":8,"1":8},"b":{"0":[2,6],"1":[6,0],"2":[6,4],"3":[0,0]},"_coverageSchema":"1a1c01bbd47fc00a2c39e90264f33305004495a9","hash":"20a9773e7b88d56cfd5845525c22e4bfc159c4fa"}
,"/Users/sergejperepelkin/Repos/hackyourfuture/Node.js-class38/week1/hackyourtemperature/sources/keys.js": {"path":"/Users/sergejperepelkin/Repos/hackyourfuture/Node.js-class38/week1/hackyourtemperature/sources/keys.js","statementMap":{"0":{"start":{"line":1,"column":23},"end":{"line":1,"column":57}}},"fnMap":{},"branchMap":{},"s":{"0":1},"f":{},"b":{},"_coverageSchema":"1a1c01bbd47fc00a2c39e90264f33305004495a9","hash":"298a6b0fdf29c8cbd75377dc98c16dc112c05115"}
}
