TN:
SF:AppErrors.js
FN:2,(anonymous_0)
FN:11,(anonymous_1)
FN:20,(anonymous_2)
FNF:3
FNH:3
FNDA:8,(anonymous_0)
FNDA:2,(anonymous_1)
FNDA:4,(anonymous_2)
DA:3,8
DA:4,8
DA:5,8
DA:6,8
DA:12,2
DA:13,2
DA:14,2
DA:15,2
DA:21,4
DA:22,4
DA:23,4
DA:24,4
LF:12
LH:12
BRDA:2,0,0,4
BRDA:2,1,0,6
BRF:2
BRH:2
end_of_record
TN:
SF:app.js
FN:10,(anonymous_0)
FN:17,(anonymous_1)
FN:21,(anonymous_2)
FN:38,(anonymous_3)
FNF:4
FNH:3
FNDA:11,(anonymous_0)
FNDA:0,(anonymous_1)
FNDA:9,(anonymous_2)
FNDA:2,(anonymous_3)
DA:2,1
DA:8,1
DA:10,1
DA:11,11
DA:12,11
DA:15,1
DA:17,1
DA:18,0
DA:21,1
DA:22,9
DA:23,9
DA:24,9
DA:26,5
DA:27,5
DA:29,5
DA:30,3
DA:31,3
DA:32,3
DA:34,6
DA:38,1
DA:39,2
DA:42,1
LF:22
LH:21
BRDA:24,0,0,4
BRDA:24,0,1,5
BRDA:29,1,0,2
BRDA:29,1,1,3
BRF:4
BRH:4
end_of_record
TN:
SF:handleErrors.js
FN:4,(anonymous_0)
FN:6,(anonymous_1)
FNF:2
FNH:2
FNDA:8,(anonymous_0)
FNDA:8,(anonymous_1)
DA:3,1
DA:4,8
DA:6,1
DA:7,8
DA:8,2
DA:9,2
DA:11,6
DA:13,6
DA:15,6
DA:17,0
DA:19,0
DA:21,0
DA:23,0
LF:13
LH:9
BRDA:7,0,0,2
BRDA:7,0,1,6
BRDA:11,1,0,6
BRDA:11,1,1,0
BRDA:11,2,0,6
BRDA:11,2,1,4
BRDA:17,3,0,0
BRDA:17,3,1,0
BRF:8
BRH:5
end_of_record
TN:
SF:sources/keys.js
FNF:0
FNH:0
DA:1,1
LF:1
LH:1
BRF:0
BRH:0
end_of_record
